2024-02-15 21:29:37,637	[INFO]	(client.py:162)_bot_login	[botpy] 登录机器人账号中...
2024-02-15 21:29:37,810	[INFO]	(robot.py:65)update_access_token	[botpy] access_token expires_in 4206
2024-02-15 21:29:38,235	[INFO]	(client.py:181)_bot_init	[botpy] 程序启动...
2024-02-15 21:29:38,235	[INFO]	(connection.py:60)multi_run	[botpy] 最大并发连接数: 1, 启动会话数: 1
2024-02-15 21:29:38,235	[INFO]	(client.py:242)bot_connect	[botpy] 会话启动中...
2024-02-15 21:29:38,235	[INFO]	(gateway.py:115)ws_connect	[botpy] 启动中...
2024-02-15 21:29:38,345	[INFO]	(gateway.py:142)ws_identify	[botpy] 鉴权中...
2024-02-15 21:29:38,439	[INFO]	(gateway.py:85)on_message	[botpy] 机器人「Ronysoc-测试中」启动成功！
2024-02-15 21:29:38,439	[INFO]	(gateway.py:223)_send_heart	[botpy] 心跳维持启动...
2024-02-15 21:29:38,454	[INFO]	(RonysocClient.py:80)on_ready	robot 「Ronysoc-测试中」 on_ready!
2024-02-15 21:35:50,112	[INFO]	(client.py:162)_bot_login	[botpy] 登录机器人账号中...
2024-02-15 21:35:50,277	[INFO]	(robot.py:65)update_access_token	[botpy] access_token expires_in 3833
2024-02-15 21:35:50,720	[INFO]	(client.py:181)_bot_init	[botpy] 程序启动...
2024-02-15 21:35:50,720	[INFO]	(connection.py:60)multi_run	[botpy] 最大并发连接数: 1, 启动会话数: 1
2024-02-15 21:35:50,720	[INFO]	(client.py:242)bot_connect	[botpy] 会话启动中...
2024-02-15 21:35:50,720	[INFO]	(gateway.py:115)ws_connect	[botpy] 启动中...
2024-02-15 21:35:50,838	[INFO]	(gateway.py:142)ws_identify	[botpy] 鉴权中...
2024-02-15 21:35:50,903	[INFO]	(gateway.py:85)on_message	[botpy] 机器人「Ronysoc-测试中」启动成功！
2024-02-15 21:35:50,903	[INFO]	(gateway.py:223)_send_heart	[botpy] 心跳维持启动...
2024-02-15 21:35:50,903	[INFO]	(RonysocClient.py:80)on_ready	robot 「Ronysoc-测试中」 on_ready!
2024-02-15 21:36:10,040	[INFO]	(RonysocClient.py:83)on_at_message_create	Ronysoc-测试中receive message <@!145115334214940103> /help
2024-02-15 21:36:52,191	[INFO]	(client.py:162)_bot_login	[botpy] 登录机器人账号中...
2024-02-15 21:36:52,324	[INFO]	(robot.py:65)update_access_token	[botpy] access_token expires_in 3771
2024-02-15 21:36:52,760	[INFO]	(client.py:181)_bot_init	[botpy] 程序启动...
2024-02-15 21:36:52,760	[INFO]	(connection.py:60)multi_run	[botpy] 最大并发连接数: 1, 启动会话数: 1
2024-02-15 21:36:52,760	[INFO]	(client.py:242)bot_connect	[botpy] 会话启动中...
2024-02-15 21:36:52,760	[INFO]	(gateway.py:115)ws_connect	[botpy] 启动中...
2024-02-15 21:36:52,886	[INFO]	(gateway.py:142)ws_identify	[botpy] 鉴权中...
2024-02-15 21:36:52,980	[INFO]	(gateway.py:85)on_message	[botpy] 机器人「Ronysoc-测试中」启动成功！
2024-02-15 21:36:52,980	[INFO]	(gateway.py:223)_send_heart	[botpy] 心跳维持启动...
2024-02-15 21:36:52,980	[INFO]	(RonysocClient.py:80)on_ready	robot 「Ronysoc-测试中」 on_ready!
2024-02-15 21:37:02,039	[INFO]	(RonysocClient.py:83)on_at_message_create	Ronysoc-测试中receive message <@!145115334214940103> /help
2024-02-15 21:37:18,992	[INFO]	(client.py:162)_bot_login	[botpy] 登录机器人账号中...
2024-02-15 21:37:19,118	[INFO]	(robot.py:65)update_access_token	[botpy] access_token expires_in 3744
2024-02-15 21:37:19,498	[INFO]	(client.py:181)_bot_init	[botpy] 程序启动...
2024-02-15 21:37:19,498	[INFO]	(connection.py:60)multi_run	[botpy] 最大并发连接数: 1, 启动会话数: 1
2024-02-15 21:37:19,498	[INFO]	(client.py:242)bot_connect	[botpy] 会话启动中...
2024-02-15 21:37:19,498	[INFO]	(gateway.py:115)ws_connect	[botpy] 启动中...
2024-02-15 21:37:19,628	[INFO]	(gateway.py:142)ws_identify	[botpy] 鉴权中...
2024-02-15 21:37:19,723	[INFO]	(gateway.py:85)on_message	[botpy] 机器人「Ronysoc-测试中」启动成功！
2024-02-15 21:37:19,723	[INFO]	(gateway.py:223)_send_heart	[botpy] 心跳维持启动...
2024-02-15 21:37:19,723	[INFO]	(RonysocClient.py:80)on_ready	robot 「Ronysoc-测试中」 on_ready!
2024-02-15 21:37:26,769	[INFO]	(RonysocClient.py:83)on_at_message_create	Ronysoc-测试中receive message <@!145115334214940103> /help
2024-02-15 21:38:31,524	[INFO]	(client.py:162)_bot_login	[botpy] 登录机器人账号中...
2024-02-15 21:38:31,665	[INFO]	(robot.py:65)update_access_token	[botpy] access_token expires_in 3672
2024-02-15 21:38:32,092	[INFO]	(client.py:181)_bot_init	[botpy] 程序启动...
2024-02-15 21:38:32,092	[INFO]	(connection.py:60)multi_run	[botpy] 最大并发连接数: 1, 启动会话数: 1
2024-02-15 21:38:32,092	[INFO]	(client.py:242)bot_connect	[botpy] 会话启动中...
2024-02-15 21:38:32,092	[INFO]	(gateway.py:115)ws_connect	[botpy] 启动中...
2024-02-15 21:38:32,187	[INFO]	(gateway.py:142)ws_identify	[botpy] 鉴权中...
2024-02-15 21:38:32,281	[INFO]	(gateway.py:85)on_message	[botpy] 机器人「Ronysoc-测试中」启动成功！
2024-02-15 21:38:32,281	[INFO]	(gateway.py:223)_send_heart	[botpy] 心跳维持启动...
2024-02-15 21:38:32,281	[INFO]	(RonysocClient.py:80)on_ready	robot 「Ronysoc-测试中」 on_ready!
2024-02-15 21:38:46,394	[INFO]	(RonysocClient.py:83)on_at_message_create	Ronysoc-测试中receive message <@!145115334214940103> /help
2024-02-15 21:39:13,561	[INFO]	(RonysocClient.py:83)on_at_message_create	Ronysoc-测试中receive message <@!145115334214940103> /status hypixel.net
2024-02-15 21:39:13,561	[INFO]	(RonysocClient.py:33)reply_mc_status	hypixel.net
2024-02-15 21:39:29,178	[INFO]	(RonysocClient.py:83)on_at_message_create	Ronysoc-测试中receive message <@!145115334214940103> /determine 
2024-02-15 21:40:33,632	[INFO]	(client.py:162)_bot_login	[botpy] 登录机器人账号中...
2024-02-15 21:40:33,760	[INFO]	(robot.py:65)update_access_token	[botpy] access_token expires_in 3550
2024-02-15 21:40:34,181	[INFO]	(client.py:181)_bot_init	[botpy] 程序启动...
2024-02-15 21:40:34,181	[INFO]	(connection.py:60)multi_run	[botpy] 最大并发连接数: 1, 启动会话数: 1
2024-02-15 21:40:34,181	[INFO]	(client.py:242)bot_connect	[botpy] 会话启动中...
2024-02-15 21:40:34,181	[INFO]	(gateway.py:115)ws_connect	[botpy] 启动中...
2024-02-15 21:40:34,279	[INFO]	(gateway.py:142)ws_identify	[botpy] 鉴权中...
2024-02-15 21:40:34,374	[INFO]	(gateway.py:85)on_message	[botpy] 机器人「Ronysoc-测试中」启动成功！
2024-02-15 21:40:34,374	[INFO]	(gateway.py:223)_send_heart	[botpy] 心跳维持启动...
2024-02-15 21:40:34,374	[INFO]	(RonysocClient.py:80)on_ready	robot 「Ronysoc-测试中」 on_ready!
2024-02-15 21:40:40,441	[INFO]	(RonysocClient.py:83)on_at_message_create	Ronysoc-测试中receive message <@!145115334214940103> /determine 
2024-02-15 21:40:47,147	[WARNING]	(http.py:192)request	请求超时，请求连接: https://sandbox.api.sgroup.qq.com/channels/639027455/messages
2024-02-15 21:40:56,546	[INFO]	(RonysocClient.py:83)on_at_message_create	Ronysoc-测试中receive message <@!145115334214940103> /determine 
2024-02-15 21:41:09,626	[INFO]	(RonysocClient.py:83)on_at_message_create	Ronysoc-测试中receive message <@!145115334214940103> /determine <@!2693328012045680400> 
2024-02-15 21:41:17,701	[INFO]	(RonysocClient.py:83)on_at_message_create	Ronysoc-测试中receive message <@!145115334214940103> /determine <@!2693328012045680400> 
2024-02-15 21:41:25,763	[INFO]	(RonysocClient.py:83)on_at_message_create	Ronysoc-测试中receive message <@!145115334214940103> /os 
2024-02-15 21:41:25,763	[INFO]	(RonysocClient.py:27)reply_os_info	
2024-02-15 21:42:23,357	[INFO]	(client.py:162)_bot_login	[botpy] 登录机器人账号中...
2024-02-15 21:42:23,504	[INFO]	(robot.py:65)update_access_token	[botpy] access_token expires_in 3440
2024-02-15 21:42:29,146	[WARNING]	(http.py:192)request	请求超时，请求连接: https://sandbox.api.sgroup.qq.com/users/@me
2024-02-15 21:42:36,383	[INFO]	(client.py:162)_bot_login	[botpy] 登录机器人账号中...
2024-02-15 21:42:36,524	[INFO]	(robot.py:65)update_access_token	[botpy] access_token expires_in 3427
2024-02-15 21:42:36,941	[INFO]	(client.py:181)_bot_init	[botpy] 程序启动...
2024-02-15 21:42:36,941	[INFO]	(connection.py:60)multi_run	[botpy] 最大并发连接数: 1, 启动会话数: 1
2024-02-15 21:42:36,941	[INFO]	(client.py:242)bot_connect	[botpy] 会话启动中...
2024-02-15 21:42:36,941	[INFO]	(gateway.py:115)ws_connect	[botpy] 启动中...
2024-02-15 21:42:37,043	[INFO]	(gateway.py:142)ws_identify	[botpy] 鉴权中...
2024-02-15 21:42:37,107	[INFO]	(gateway.py:85)on_message	[botpy] 机器人「Ronysoc-测试中」启动成功！
2024-02-15 21:42:37,107	[INFO]	(gateway.py:223)_send_heart	[botpy] 心跳维持启动...
2024-02-15 21:42:37,107	[INFO]	(RonysocClient.py:80)on_ready	robot 「Ronysoc-测试中」 on_ready!
2024-02-15 21:43:06,304	[INFO]	(RonysocClient.py:83)on_at_message_create	Ronysoc-测试中receive message <@!145115334214940103> /os 
2024-02-15 21:43:06,304	[INFO]	(RonysocClient.py:27)reply_os_info	
2024-02-15 21:43:24,944	[INFO]	(RonysocClient.py:83)on_at_message_create	Ronysoc-测试中receive message <@!145115334214940103> /randint 
2024-02-15 21:43:24,945	[INFO]	(RonysocClient.py:48)random_int	
